18:38:26 T:140065405389248  NOTICE: special://profile/ is mapped to: special://masterprofile/
18:38:26 T:140065405389248  NOTICE: -----------------------------------------------------------------------
18:38:26 T:140065405389248  NOTICE: Starting Kodi from Debian (15.2 Git: (unknown)). Platform: Linux x86 64-bit
18:38:26 T:140065405389248  NOTICE: Using Release Kodi from Debian x64 build
18:38:26 T:140065405389248  NOTICE: Kodi from Debian compiled from 15.2+dfsg1-3ubuntu1.1 by GCC 5.4.0 for Linux x86 64-bit version 4.4.62 (263230)
18:38:26 T:140065405389248  NOTICE: Running on Ubuntu 16.04.5 LTS, kernel: Linux x86 64-bit version 4.15.0-33-generic
18:38:26 T:140065405389248  NOTICE: FFmpeg version: 2.8.11-0ubuntu0.16.04.1
18:38:26 T:140065405389248  NOTICE: Host CPU: Intel(R) Core(TM) i5-6500 CPU @ 3.20GHz, 4 cores available
18:38:26 T:140065405389248  NOTICE: special://xbmc/ is mapped to: /usr/share/kodi
18:38:26 T:140065405389248  NOTICE: special://xbmcbin/ is mapped to: /usr/lib/x86_64-linux-gnu/kodi
18:38:26 T:140065405389248  NOTICE: special://masterprofile/ is mapped to: /home/darren/.kodi/userdata
18:38:26 T:140065405389248  NOTICE: special://home/ is mapped to: /home/darren/.kodi
18:38:26 T:140065405389248  NOTICE: special://temp/ is mapped to: /home/darren/.kodi/temp
18:38:26 T:140065405389248  NOTICE: The executable running is: /usr/lib/x86_64-linux-gnu/kodi/kodi.bin
18:38:26 T:140065405389248  NOTICE: Local hostname: darren-desktop
18:38:26 T:140065405389248  NOTICE: Log File is located: /home/darren/.kodi/temp/kodi.log
18:38:26 T:140065405389248  NOTICE: -----------------------------------------------------------------------
18:38:26 T:140065405389248   ERROR: DBus: Error org.freedesktop.DBus.Error.InvalidArgs - No such property 'OnLowBattery'
18:38:26 T:140065405389248   ERROR: DBus: Error org.freedesktop.DBus.Error.InvalidArgs - No such property 'CanSuspend'
18:38:26 T:140065405389248   ERROR: DBus: Error org.freedesktop.DBus.Error.InvalidArgs - No such property 'CanHibernate'
18:38:26 T:140065405389248  NOTICE: load settings...
18:38:26 T:140065405389248  NOTICE: Found 1 Lists of Devices
18:38:26 T:140065405389248  NOTICE: Enumerated PULSE devices:
18:38:26 T:140065405389248  NOTICE:     Device 1
18:38:26 T:140065405389248  NOTICE:         m_deviceName      : Default
18:38:26 T:140065405389248  NOTICE:         m_displayName     : Default
18:38:26 T:140065405389248  NOTICE:         m_displayNameExtra: Default Output Device (PULSEAUDIO)
18:38:26 T:140065405389248  NOTICE:         m_deviceType      : AE_DEVTYPE_PCM
18:38:26 T:140065405389248  NOTICE:         m_channels        : FL,FR
18:38:26 T:140065405389248  NOTICE:         m_sampleRates     : 5512,8000,11025,16000,22050,32000,44100,48000,64000,88200,96000,176400,192000,384000
18:38:26 T:140065405389248  NOTICE:         m_dataFormats     : AE_FMT_U8,AE_FMT_S16NE,AE_FMT_S24NE3,AE_FMT_S24NE4,AE_FMT_S32NE,AE_FMT_FLOAT
18:38:26 T:140065405389248  NOTICE:     Device 2
18:38:26 T:140065405389248  NOTICE:         m_deviceName      : alsa_output.hw_1_7
18:38:26 T:140065405389248  NOTICE:         m_displayName     : HDA NVidia
18:38:26 T:140065405389248  NOTICE:         m_displayNameExtra: HDA NVidia (PULSEAUDIO)
18:38:26 T:140065405389248  NOTICE:         m_deviceType      : AE_DEVTYPE_PCM
18:38:26 T:140065405389248  NOTICE:         m_channels        : FL,FR
18:38:26 T:140065405389248  NOTICE:         m_sampleRates     : 5512,8000,11025,16000,22050,32000,44100,48000,64000,88200,96000,176400,192000,384000
18:38:26 T:140065405389248  NOTICE:         m_dataFormats     : AE_FMT_U8,AE_FMT_S16NE,AE_FMT_S24NE3,AE_FMT_S24NE4,AE_FMT_S32NE,AE_FMT_FLOAT
18:38:26 T:140065405389248  NOTICE:     Device 3
18:38:26 T:140065405389248  NOTICE:         m_deviceName      : alsa_output.pci-0000_00_1f.3.analog-stereo
18:38:26 T:140065405389248  NOTICE:         m_displayName     : Built-in Audio Analogue Stereo
18:38:26 T:140065405389248  NOTICE:         m_displayNameExtra: Line Out (PULSEAUDIO)
18:38:26 T:140065405389248  NOTICE:         m_deviceType      : AE_DEVTYPE_PCM
18:38:26 T:140065405389248  NOTICE:         m_channels        : FL,FR
18:38:26 T:140065405389248  NOTICE:         m_sampleRates     : 5512,8000,11025,16000,22050,32000,44100,48000,64000,88200,96000,176400,192000,384000
18:38:26 T:140065405389248  NOTICE:         m_dataFormats     : AE_FMT_U8,AE_FMT_S16NE,AE_FMT_S24NE3,AE_FMT_S24NE4,AE_FMT_S32NE,AE_FMT_FLOAT
18:38:26 T:140065405389248  NOTICE:     Device 4
18:38:26 T:140065405389248  NOTICE:         m_deviceName      : alsa_output.pci-0000_01_00.1.hdmi-stereo
18:38:26 T:140065405389248  NOTICE:         m_displayName     : HDA NVidia Digital Stereo (HDMI)
18:38:26 T:140065405389248  NOTICE:         m_displayNameExtra: HDMI / DisplayPort (PULSEAUDIO)
18:38:26 T:140065405389248  NOTICE:         m_deviceType      : AE_DEVTYPE_PCM
18:38:26 T:140065405389248  NOTICE:         m_channels        : FL,FR
18:38:26 T:140065405389248  NOTICE:         m_sampleRates     : 5512,8000,11025,16000,22050,32000,44100,48000,64000,88200,96000,176400,192000,384000
18:38:26 T:140065405389248  NOTICE:         m_dataFormats     : AE_FMT_U8,AE_FMT_S16NE,AE_FMT_S24NE3,AE_FMT_S24NE4,AE_FMT_S32NE,AE_FMT_FLOAT
18:38:26 T:140065405389248  NOTICE: No settings file to load (special://xbmc/system/advancedsettings.xml)
18:38:26 T:140065405389248  NOTICE: No settings file to load (special://masterprofile/advancedsettings.xml)
18:38:26 T:140065405389248  NOTICE: Default DVD Player: dvdplayer
18:38:26 T:140065405389248  NOTICE: Default Video Player: dvdplayer
18:38:26 T:140065405389248  NOTICE: Default Audio Player: paplayer
18:38:26 T:140065405389248  NOTICE: Disabled debug logging due to GUI setting. Level 0.
18:38:26 T:140065405389248  NOTICE: Log level changed to "LOG_LEVEL_NORMAL"
18:38:26 T:140065405389248  NOTICE: CMediaSourceSettings: loading media sources from special://masterprofile/sources.xml
18:38:26 T:140065405389248  NOTICE: Loading player core factory settings from special://xbmc/system/playercorefactory.xml.
18:38:26 T:140065405389248  NOTICE: Loaded playercorefactory configuration
18:38:26 T:140065405389248  NOTICE: Loading player core factory settings from special://profile/playercorefactory.xml.
18:38:26 T:140065405389248  NOTICE: Loaded playercorefactory configuration
18:38:26 T:140064648148736  NOTICE: Thread ActiveAE start, auto delete: false
18:38:26 T:140064715261696  NOTICE: Thread AESink start, auto delete: false
18:38:26 T:140064715261696  NOTICE: PulseAudio: Opened device Default in pcm mode with Buffersize 150 ms
18:38:26 T:140065405389248  NOTICE: Running database version Addons19
18:38:26 T:140065405389248  NOTICE: ADDONS: Using repository repository.xbmc.org
18:38:26 T:140064696297216  NOTICE: Thread RemoteControl start, auto delete: false
18:38:26 T:140065405389248  NOTICE: Setup SDL
18:38:26 T:140065405389248  NOTICE: Checking resolution 16
18:38:26 T:140065405389248   ERROR: CWinSystemX11::XErrorHandler: BadAtom (invalid Atom parameter), type:0, serial:37, error_code:5, request_code:18 minor_code:0
18:38:26 T:140065405389248  NOTICE: Using visual 0x28
18:38:26 T:140065405389248  NOTICE: GL_VENDOR = NVIDIA Corporation
18:38:26 T:140065405389248  NOTICE: GL_RENDERER = GeForce GTX 1060 6GB/PCIe/SSE2
18:38:26 T:140065405389248  NOTICE: GL_VERSION = 4.5.0 NVIDIA 384.130
18:38:26 T:140065405389248  NOTICE: GL_SHADING_LANGUAGE_VERSION = 4.50 NVIDIA
18:38:26 T:140065405389248  NOTICE: GL_GPU_MEMORY_INFO_TOTAL_AVAILABLE_MEMORY_NVX = 6291456
18:38:26 T:140065405389248  NOTICE: GL_GPU_MEMORY_INFO_DEDICATED_VIDMEM_NVX = 6291456
18:38:26 T:140065405389248  NOTICE: GL_EXTENSIONS = GL_AMD_multi_draw_indirect GL_AMD_seamless_cubemap_per_texture GL_AMD_vertex_shader_viewport_index GL_AMD_vertex_shader_layer GL_ARB_arrays_of_arrays GL_ARB_base_instance GL_ARB_bindless_texture GL_ARB_blend_func_extended GL_ARB_buffer_storage GL_ARB_clear_buffer_object GL_ARB_clear_texture GL_ARB_clip_control GL_ARB_color_buffer_float GL_ARB_compatibility GL_ARB_compressed_texture_pixel_storage GL_ARB_conservative_depth GL_ARB_compute_shader GL_ARB_compute_variable_group_size GL_ARB_conditional_render_inverted GL_ARB_copy_buffer GL_ARB_copy_image GL_ARB_cull_distance GL_ARB_debug_output GL_ARB_depth_buffer_float GL_ARB_depth_clamp GL_ARB_depth_texture GL_ARB_derivative_control GL_ARB_direct_state_access GL_ARB_draw_buffers GL_ARB_draw_buffers_blend GL_ARB_draw_indirect GL_ARB_draw_elements_base_vertex GL_ARB_draw_instanced GL_ARB_enhanced_layouts GL_ARB_ES2_compatibility GL_ARB_ES3_compatibility GL_ARB_ES3_1_compatibility GL_ARB_ES3_2_compatibility GL_ARB_explicit_attrib_location GL_ARB_explicit_uniform_location GL_ARB_fragment_coord_conventions GL_ARB_fragment_layer_viewport GL_ARB_fragment_program GL_ARB_fragment_program_shadow GL_ARB_fragment_shader GL_ARB_fragment_shader_interlock GL_ARB_framebuffer_no_attachments GL_ARB_framebuffer_object GL_ARB_framebuffer_sRGB GL_ARB_geometry_shader4 GL_ARB_get_program_binary GL_ARB_get_texture_sub_image GL_ARB_gl_spirv GL_ARB_gpu_shader5 GL_ARB_gpu_shader_fp64 GL_ARB_gpu_shader_int64 GL_ARB_half_float_pixel GL_ARB_half_float_vertex GL_ARB_imaging GL_ARB_indirect_parameters GL_ARB_instanced_arrays GL_ARB_internalformat_query GL_ARB_internalformat_query2 GL_ARB_invalidate_subdata GL_ARB_map_buffer_alignment GL_ARB_map_buffer_range GL_ARB_multi_bind GL_ARB_multi_draw_indirect GL_ARB_multisample GL_ARB_multitexture GL_ARB_occlusion_query GL_ARB_occlusion_query2 GL_ARB_parallel_shader_compile GL_ARB_pipeline_statistics_query GL_ARB_pixel_buffer_object GL_ARB_point_parameters GL_ARB_point_sprite GL_ARB_post_depth_coverage GL_ARB_program_interface_query GL_ARB_provoking_vertex GL_ARB_query_buffer_object GL_ARB_robust_buffer_access_behavior GL_ARB_robustness GL_ARB_sample_locations GL_ARB_sample_shading GL_ARB_sampler_objects GL_ARB_seamless_cube_map GL_ARB_seamless_cubemap_per_texture GL_ARB_separate_shader_objects GL_ARB_shader_atomic_counter_ops GL_ARB_shader_atomic_counters GL_ARB_shader_ballot GL_ARB_shader_bit_encoding GL_ARB_shader_clock GL_ARB_shader_draw_parameters GL_ARB_shader_group_vote GL_ARB_shader_image_load_store GL_ARB_shader_image_size GL_ARB_shader_objects GL_ARB_shader_precision GL_ARB_shader_storage_buffer_object GL_ARB_shader_subroutine GL_ARB_shader_texture_image_samples GL_ARB_shader_texture_lod GL_ARB_shading_language_100 GL_ARB_shader_viewport_layer_array GL_ARB_shading_language_420pack GL_ARB_shading_language_include GL_ARB_shading_language_packing GL_ARB_shadow GL_ARB_sparse_buffer GL_ARB_sparse_texture GL_ARB_sparse_texture2 GL_ARB_sparse_texture_clamp GL_ARB_stencil_texturing GL_ARB_sync GL_ARB_tessellation_shader GL_ARB_texture_barrier GL_ARB_texture_border_clamp GL_ARB_texture_buffer_object GL_ARB_texture_buffer_object_rgb32 GL_ARB_texture_buffer_range GL_ARB_texture_compression GL_ARB_texture_compression_bptc GL_ARB_texture_compression_rgtc GL_ARB_texture_cube_map GL_ARB_texture_cube_map_array GL_ARB_texture_env_add GL_ARB_texture_env_combine GL_ARB_texture_env_crossbar GL_ARB_texture_env_dot3 GL_ARB_texture_filter_minmax GL_ARB_texture_float GL_ARB_texture_gather GL_ARB_texture_mirror_clamp_to_edge GL_ARB_texture_mirrored_repeat GL_ARB_texture_multisample GL_ARB_texture_non_power_of_two GL_ARB_texture_query_levels GL_ARB_texture_query_lod GL_ARB_texture_rectangle GL_ARB_texture_rg GL_ARB_texture_rgb10_a2ui GL_ARB_texture_stencil8 GL_ARB_texture_storage GL_ARB_texture_storage_multisample GL_ARB_texture_swizzle GL_ARB_texture_view GL_ARB_timer_query GL_ARB_transform_feedback2 GL_ARB_transform_feedback3 GL_ARB_transform_feedback_instanced GL_ARB_transform_feedback_overflow_query GL_ARB_transpose_matrix GL_ARB_uniform_buffer_object GL_ARB_vertex_array_bgra GL_ARB_vertex_array_object GL_ARB_vertex_attrib_64bit GL_ARB_vertex_attrib_binding GL_ARB_vertex_buffer_object GL_ARB_vertex_program GL_ARB_vertex_shader GL_ARB_vertex_type_10f_11f_11f_rev GL_ARB_vertex_type_2_10_10_10_rev GL_ARB_viewport_array GL_ARB_window_pos GL_ATI_draw_buffers GL_ATI_texture_float GL_ATI_texture_mirror_once GL_S3_s3tc GL_EXT_texture_env_add GL_EXT_abgr GL_EXT_bgra GL_EXT_bindable_uniform GL_EXT_blend_color GL_EXT_blend_equation_separate GL_EXT_blend_func_separate GL_EXT_blend_minmax GL_EXT_blend_subtract GL_EXT_compiled_vertex_array GL_EXT_Cg_shader GL_EXT_depth_bounds_test GL_EXT_direct_state_access GL_EXT_draw_buffers2 GL_EXT_draw_instanced GL_EXT_draw_range_elements GL_EXT_fog_coord GL_EXT_framebuffer_blit GL_EXT_framebuffer_multisample GL_EXTX_framebuffer_mixed_formats GL_EXT_framebuffer_multisample_blit_scaled GL_EXT_framebuffer_object GL_EXT_framebuffer_sRGB GL_EXT_geometry_shader4 GL_EXT_gpu_program_parameters GL_EXT_gpu_shader4 GL_EXT_multi_draw_arrays GL_EXT_packed_depth_stencil GL_EXT_packed_float GL_EXT_packed_pixels GL_EXT_pixel_buffer_object GL_EXT_point_parameters GL_EXT_polygon_offset_clamp GL_EXT_post_depth_coverage GL_EXT_provoking_vertex GL_EXT_raster_multisample GL_EXT_rescale_normal GL_EXT_secondary_color GL_EXT_separate_shader_objects GL_EXT_separate_specular_color GL_EXT_shader_image_load_formatted GL_EXT_shader_image_load_store GL_EXT_shader_integer_mix GL_EXT_shadow_funcs GL_EXT_sparse_texture2 GL_EXT_stencil_two_side GL_EXT_stencil_wrap GL_EXT_texture3D GL_EXT_texture_array GL_EXT_texture_buffer_object GL_EXT_texture_compression_dxt1 GL_EXT_texture_compression_latc GL_EXT_texture_compression_rgtc GL_EXT_texture_compression_s3tc GL_EXT_texture_cube_map GL_EXT_texture_edge_clamp GL_EXT_texture_env_combine GL_EXT_texture_env_dot3 GL_EXT_texture_filter_anisotropic GL_EXT_texture_filter_minmax GL_EXT_texture_integer GL_EXT_texture_lod GL_EXT_texture_lod_bias GL_EXT_texture_mirror_clamp GL_EXT_texture_object GL_EXT_texture_shared_exponent GL_EXT_texture_sRGB GL_EXT_texture_sRGB_decode GL_EXT_texture_storage GL_EXT_texture_swizzle GL_EXT_timer_query GL_EXT_transform_feedback2 GL_EXT_vertex_array GL_EXT_vertex_array_bgra GL_EXT_vertex_attrib_64bit GL_EXT_window_rectangles GL_EXT_x11_sync_object GL_EXT_import_sync_object GL_NV_robustness_video_memory_purge GL_IBM_rasterpos_clip GL_IBM_texture_mirrored_repeat GL_KHR_context_flush_control GL_KHR_debug GL_EXT_memory_object GL_EXT_memory_object_fd GL_KHR_no_error GL_KHR_robust_buffer_access_behavior GL_KHR_robustness GL_EXT_semaphore GL_EXT_semaphore_fd GL_KTX_buffer_region GL_NV_alpha_to_coverage_dither_control GL_NV_bindless_multi_draw_indirect GL_NV_bindless_multi_draw_indirect_count GL_NV_bindless_texture GL_NV_blend_equation_advanced GL_NV_blend_equation_advanced_coherent GL_NVX_blend_equation_advanced_multi_draw_buffers GL_NV_blend_square GL_NV_clip_space_w_scaling GL_NV_command_list GL_NV_compute_program5 GL_NV_conditional_render GL_NV_conservative_raster GL_NV_conservative_raster_dilate GL_NV_conservative_raster_pre_snap_triangles GL_NV_copy_depth_to_color GL_NV_copy_image GL_NV_depth_buffer_float GL_NV_depth_clamp GL_NV_draw_texture GL_NV_draw_vulkan_image GL_NV_ES1_1_compatibility GL_NV_ES3_1_compatibility GL_NV_explicit_multisample GL_NV_fence GL_NV_fill_rectangle GL_NV_float_buffer GL_NV_fog_distance GL_NV_fragment_coverage_to_color GL_NV_fragment_program GL_NV_fragment_program_option GL_NV_fragment_program2 GL_NV_fragment_shader_interlock GL_NV_framebuffer_mixed_samples GL_NV_framebuffer_multisample_coverage GL_NV_geometry_shader4 GL_NV_geometry_shader_passthrough GL_NV_gpu_program4 GL_NV_internalformat_sample_query GL_NV_gpu_program4_1 GL_NV_gpu_program5 GL_NV_gpu_program5_mem_extended GL_NV_gpu_program_fp64 GL_NV_gpu_shader5 GL_NV_half_float GL_NV_light_max_exponent GL_NV_multisample_coverage GL_NV_multisample_filter_hint GL_NV_occlusion_query GL_NV_packed_depth_stencil GL_NV_parameter_buffer_object GL_NV_parameter_buffer_object2 GL_NV_path_rendering GL_NV_path_rendering_shared_edge GL_NV_pixel_data_range GL_NV_point_sprite GL_NV_primitive_restart GL_NV_register_combiners GL_NV_register_combiners2 GL_NV_sample_locations GL_NV_sample_mask_override_coverage GL_NV_shader_atomic_counters GL_NV_shader_atomic_float GL_NV_shader_atomic_float64 GL_NV_shader_atomic_fp16_vector GL_NV_shader_atomic_int64 GL_NV_shader_buffer_load GL_NV_shader_storage_buffer_object GL_NV_stereo_view_rendering GL_NV_texgen_reflection GL_NV_texture_barrier GL_NV_texture_compression_vtc GL_NV_texture_env_combine4 GL_NV_texture_multisample GL_NV_texture_rectangle GL_NV_texture_shader GL_NV_texture_shader2 GL_NV_texture_shader3 GL_NV_transform_feedback GL_NV_transform_feedback2 GL_NV_uniform_buffer_unified_memory GL_NV_vdpau_interop GL_NV_vertex_array_range GL_NV_vertex_array_range2 GL_NV_vertex_attrib_integer_64bit GL_NV_vertex_buffer_unified_memory GL_NV_vertex_program GL_NV_vertex_program1_1 GL_NV_vertex_program2 GL_NV_vertex_program2_option GL_NV_vertex_program3 GL_NV_viewport_array2 GL_NV_viewport_swizzle GL_NVX_conditional_render GL_NVX_gpu_memory_info GL_NVX_nvenc_interop GL_NV_shader_thread_group GL_NV_shader_thread_shuffle GL_KHR_blend_equation_advanced GL_KHR_blend_equation_advanced_coherent GL_SGIS_generate_mipmap GL_SGIS_texture_lod GL_SGIX_depth_texture GL_SGIX_shadow GL_SUN_slice_accum
18:38:26 T:140064631363328  NOTICE: Thread PeripBusCEC start, auto delete: false
18:38:26 T:140064622970624  NOTICE: Thread PeripBusUSBUdev start, auto delete: false
18:38:26 T:140065405389248  NOTICE: Running database version Addons19
18:38:26 T:140065405389248  NOTICE: Running database version ViewModes6
18:38:26 T:140065405389248  NOTICE: Running database version Textures13
18:38:26 T:140065405389248  NOTICE: Running database version MyMusic52
18:38:26 T:140065405389248  NOTICE: Running database version MyVideos93
18:38:26 T:140065405389248  NOTICE: Running database version TV29
18:38:26 T:140065405389248  NOTICE: Running database version Epg10
18:38:26 T:140065405389248  NOTICE: start dvd mediatype detection
18:38:26 T:140064661894912  NOTICE: Thread DetectDVDMedia start, auto delete: false
18:38:26 T:140065405389248   ERROR: Couldn't load font name: font10(roboto-regular.ttf), trying to substitute arial.ttf
18:38:26 T:140065405389248   ERROR: Couldn't load font name: font12(roboto-regular.ttf), trying to substitute arial.ttf
18:38:26 T:140065405389248   ERROR: Couldn't load font name: font13(roboto-regular.ttf), trying to substitute arial.ttf
18:38:26 T:140065405389248   ERROR: Couldn't load font name: font14(roboto-regular.ttf), trying to substitute arial.ttf
18:38:26 T:140065405389248   ERROR: Couldn't load font name: font16(roboto-regular.ttf), trying to substitute arial.ttf
18:38:26 T:140065405389248   ERROR: Couldn't load font name: font30(roboto-regular.ttf), trying to substitute arial.ttf
18:38:26 T:140065405389248   ERROR: Couldn't load font name: fontContextMenu(roboto-regular.ttf), trying to substitute arial.ttf
18:38:26 T:140065405389248   ERROR: Couldn't load font name: font10_title(roboto-bold.ttf), trying to substitute arial.ttf
18:38:26 T:140065405389248   ERROR: Couldn't load font name: font12_title(roboto-bold.ttf), trying to substitute arial.ttf
18:38:26 T:140065405389248   ERROR: Couldn't load font name: font13_title(roboto-bold.ttf), trying to substitute arial.ttf
18:38:26 T:140065405389248   ERROR: Couldn't load font name: font24_title(roboto-bold.ttf), trying to substitute arial.ttf
18:38:26 T:140065405389248   ERROR: Couldn't load font name: font28_title(roboto-bold.ttf), trying to substitute arial.ttf
18:38:26 T:140065405389248   ERROR: Couldn't load font name: font30_title(roboto-bold.ttf), trying to substitute arial.ttf
18:38:26 T:140065405389248   ERROR: Couldn't load font name: font35_title(roboto-bold.ttf), trying to substitute arial.ttf
18:38:26 T:140065405389248   ERROR: Couldn't load font name: font_MainMenu(roboto-bold.ttf), trying to substitute arial.ttf
18:38:26 T:140065405389248   ERROR: Couldn't load font name: WeatherTemp(roboto-bold.ttf), trying to substitute arial.ttf
18:38:26 T:140065405389248 WARNING: JSONRPC: Could not parse type "PVR.Details.Channel"
18:38:26 T:140065405389248 WARNING: JSONRPC: Could not parse type "PVR.Details.ChannelGroup.Extended"
18:38:26 T:140065405389248 WARNING: JSONRPC: Could not parse type "GUI.Property.Value"
18:38:26 T:140065405389248 WARNING: JSONRPC: Could not parse type "Setting.Details.SettingList"
18:38:26 T:140065405389248  NOTICE: initialize done
18:38:26 T:140065405389248  NOTICE: Running the application...
18:38:26 T:140063975495424  NOTICE: Thread JobWorker start, auto delete: true
18:38:26 T:140065405389248  NOTICE: starting zeroconf publishing
18:38:26 T:140065405389248  NOTICE: starting upnp client
18:38:26 T:140063958710016  NOTICE: Thread JobWorker start, auto delete: true
18:38:26 T:140065405389248  NOTICE: ES: Starting event server
18:38:26 T:140063639856896  NOTICE: Thread EventServer start, auto delete: false
18:38:26 T:140063639856896  NOTICE: ES: Starting UDP Event server on 0.0.0.0:9777
18:38:26 T:140063639856896  NOTICE: UDP: Listening on port 9777
18:38:26 T:140063631464192  NOTICE: Thread TCPServer start, auto delete: false
18:38:27 T:140063178487552  NOTICE: Thread JobWorker start, auto delete: true
18:38:29 T:140063170094848  NOTICE: Previous line repeats 1 times.
18:38:29 T:140063170094848  NOTICE: Thread BackgroundLoader start, auto delete: false
18:40:06 T:140063975495424  NOTICE: Previous line repeats 1 times.
18:40:06 T:140063975495424  NOTICE: Thread JobWorker start, auto delete: true
18:40:06 T:140063606286080  NOTICE: Thread BackgroundLoader start, auto delete: false
18:40:09 T:140063606286080  NOTICE: Previous line repeats 1 times.
18:40:09 T:140063606286080  NOTICE: Thread JobWorker start, auto delete: true
18:40:14 T:140063606286080  NOTICE: VideoInfoScanner: Starting scan ..
18:40:15 T:140063606286080  NOTICE: VideoInfoScanner: Finished scan. Scanning for video info took 00:00
18:40:15 T:140063178487552  NOTICE: Thread BackgroundLoader start, auto delete: false
18:41:49 T:140065405389248  NOTICE: Previous line repeats 3 times.
18:41:49 T:140065405389248  NOTICE: Samba is idle. Closing the remaining connections
18:47:14 T:140064715261696  NOTICE: PulseAudio: Opened device Default in pcm mode with Buffersize 150 ms
18:47:34 T:140065405389248   ERROR: Unable to activate the previous window
18:47:36 T:140065405389248   ERROR: Control 450 in window 10134 has been asked to focus, but it can't
18:47:41 T:140065405389248   ERROR: Previous line repeats 1 times.
18:47:41 T:140065405389248  NOTICE: Storing total System Uptime
18:47:41 T:140065405389248  NOTICE: Saving settings
18:47:41 T:140065405389248  NOTICE: stop all
18:47:41 T:140065405389248  NOTICE: stop player
18:47:41 T:140065405389248  NOTICE: ES: Stopping event server
18:47:41 T:140065405389248  NOTICE: stopping upnp
18:47:41 T:140065405389248  NOTICE: stopping zeroconf publishing
18:47:42 T:140063639856896  NOTICE: ES: UDP Event server stopped
18:47:42 T:140065405389248  NOTICE: stop dvd detect media
18:47:42 T:140065405389248  NOTICE: stop sap announcement listener
18:47:42 T:140065405389248  NOTICE: clean cached files!
18:47:42 T:140065405389248  NOTICE: unload skin
18:47:42 T:140065405389248 WARNING: Cleanup: Having to cleanup texture button-nofocus.png
18:47:42 T:140065405389248 WARNING: Cleanup: Having to cleanup texture button-focus.png
18:47:42 T:140065405389248  NOTICE: stopped
18:47:42 T:140065405389248  NOTICE: destroy
18:47:42 T:140065405389248  NOTICE: closing down remote control service
18:47:42 T:140065405389248  NOTICE: unload sections
18:47:42 T:140065405389248  NOTICE: special://profile/ is mapped to: special://masterprofile/
18:47:43 T:140065405389248  NOTICE: destroy
18:47:43 T:140065405389248 WARNING: Attempted to remove window 10013 from the window manager when it didn't exist
18:47:43 T:140065405389248 WARNING: Attempted to remove window 10014 from the window manager when it didn't exist
18:47:43 T:140065405389248 WARNING: Attempted to remove window 10015 from the window manager when it didn't exist
18:47:43 T:140065405389248 WARNING: Attempted to remove window 10016 from the window manager when it didn't exist
18:47:43 T:140065405389248 WARNING: Attempted to remove window 10017 from the window manager when it didn't exist
18:47:43 T:140065405389248 WARNING: Attempted to remove window 10018 from the window manager when it didn't exist
18:47:43 T:140065405389248 WARNING: Attempted to remove window 10019 from the window manager when it didn't exist
18:47:43 T:140065405389248 WARNING: Attempted to remove window 10021 from the window manager when it didn't exist
18:47:43 T:140065405389248 WARNING: Attempted to remove window 10107 from the window manager when it didn't exist
18:47:43 T:140065405389248 WARNING: Attempted to remove window 10115 from the window manager when it didn't exist
18:47:43 T:140065405389248 WARNING: Attempted to remove window 10104 from the window manager when it didn't exist
18:47:43 T:140065405389248  NOTICE: closing down remote control service
18:47:43 T:140065405389248  NOTICE: unload sections
18:47:43 T:140065405389248  NOTICE: application stopped...
